<?xml version="1.0" encoding="UTF-8"?>
<!-- Generated by org.testng.reporters.JUnitReportReporter -->
<testsuite hostname="LAPTOP-JA86I3T0" failures="0" tests="1" name="com.organiassignment.TestScripts.CreateOrganAssignToMarketingGroup" time="24.036" errors="0" timestamp="2021-04-18T18:18:52 IST" skipped="0">
  <testcase classname="com.organiassignment.TestScripts.CreateOrganAssignToMarketingGroup" name="organAssignToMarketingGroup" time="24.036"/>
  <system-out/>
</testsuite> <!-- com.organiassignment.TestScripts.CreateOrganAssignToMarketingGroup -->
