<?xml version="1.0" encoding="UTF-8"?>
<!-- Generated by org.testng.reporters.JUnitReportReporter -->
<testsuite hostname="LAPTOP-JA86I3T0" failures="0" tests="1" name="com.organiassignment.TestScripts.CreateOrganizationWithRating" time="22.669" errors="0" timestamp="2021-04-18T20:43:04 IST" skipped="0">
  <testcase classname="com.organiassignment.TestScripts.CreateOrganizationWithRating" name="organAssignToMarketingGroup" time="22.669"/>
  <system-out/>
</testsuite> <!-- com.organiassignment.TestScripts.CreateOrganizationWithRating -->
