<?xml version="1.0" encoding="UTF-8"?>
<!-- Generated by org.testng.reporters.JUnitReportReporter -->
<testsuite hostname="LAPTOP-JA86I3T0" failures="0" tests="1" name="com.organiassignment.TestScripts.OrganiRatingDDOptionIsWorkingOrNot" time="12.695" errors="0" timestamp="2021-04-18T21:06:07 IST" skipped="0">
  <testcase classname="com.organiassignment.TestScripts.OrganiRatingDDOptionIsWorkingOrNot" name="organAssignToMarketingGroup" time="12.695"/>
  <system-out/>
</testsuite> <!-- com.organiassignment.TestScripts.OrganiRatingDDOptionIsWorkingOrNot -->
