<?xml version="1.0" encoding="UTF-8"?>
<!-- Generated by org.testng.reporters.JUnitReportReporter -->
<testsuite hostname="LAPTOP-JA86I3T0" failures="0" tests="1" name="com.organizationTestScripts.CreateContact" time="20.750" errors="0" timestamp="2021-04-16T10:13:36 IST" skipped="0">
  <testcase classname="com.organizationTestScripts.CreateContact" name="createConwithOrg" time="20.750"/>
  <system-out/>
</testsuite> <!-- com.organizationTestScripts.CreateContact -->
