<?xml version="1.0" encoding="UTF-8"?>
<!-- Generated by org.testng.reporters.JUnitReportReporter -->
<testsuite hostname="LAPTOP-JA86I3T0" failures="0" tests="1" name="com.organizationTestScripts.CreateOrganization" time="41.283" errors="0" timestamp="2021-04-13T21:28:26 IST" skipped="0">
  <testcase classname="com.organizationTestScripts.CreateOrganization" name="createOrg" time="41.283"/>
  <system-out/>
</testsuite> <!-- com.organizationTestScripts.CreateOrganization -->
